++ pwd
+ PATH=/usr/lib64/qt-3.3/bin:/opt/rh/devtoolset-7/root/usr/bin:/usr/local/bin:/usr/bin:/usr/local/sbin:/usr/sbin:/usr/local/texlive/2017/bin/x86_64-linux:/usr/local/codebench/bin:/afs/cats.ucsc.edu/users/l/teguan/bin:.:/afs/cats.ucsc.edu/courses/cmps112-wm/usr/ocaml/bin:/afs/cats.ucsc.edu/courses/cmps112-wm/bin/:/afs/cats.ucsc.edu/courses/cmps112-wm/usr/smalltalk/bin/:/afs/cats.ucsc.edu/courses/cmps112-wm/usr/racket/bin/:/afs/cats.ucsc.edu/courses/cmps112-wm/bin/:/afs/cats.ucsc.edu/users/l/teguan/cmps112/asg4
+ export PATH
++ pwd
+ for dir in '$(pwd)/test*'
+ cd /afs/cats.ucsc.edu/users/l/teguan/cmps112/asg4/test0
+ pwd
/afs/cats.ucsc.edu/users/l/teguan/cmps112/asg4/test0
+ sh mk.test
foo - command not echoed
bar - command not echoed
echo all - command '*IS*' echoed
all - command *IS* echoed
+ for dir in '$(pwd)/test*'
+ cd /afs/cats.ucsc.edu/users/l/teguan/cmps112/asg4/test1
+ pwd
/afs/cats.ucsc.edu/users/l/teguan/cmps112/asg4/test1
+ sh mk.test
+ for dir in '$(pwd)/test*'
+ cd /afs/cats.ucsc.edu/users/l/teguan/cmps112/asg4/test2
+ pwd
/afs/cats.ucsc.edu/users/l/teguan/cmps112/asg4/test2
+ sh mk.test
+ for dir in '$(pwd)/test*'
+ cd /afs/cats.ucsc.edu/users/l/teguan/cmps112/asg4/test3
+ pwd
/afs/cats.ucsc.edu/users/l/teguan/cmps112/asg4/test3
+ sh mk.test
+ for dir in '$(pwd)/test*'
+ cd /afs/cats.ucsc.edu/users/l/teguan/cmps112/asg4/test4
+ pwd
/afs/cats.ucsc.edu/users/l/teguan/cmps112/asg4/test4
+ sh mk.test
rm: cannot remove ‘hello’: No such file or directory
+ for dir in '$(pwd)/test*'
+ cd /afs/cats.ucsc.edu/users/l/teguan/cmps112/asg4/test5
+ pwd
/afs/cats.ucsc.edu/users/l/teguan/cmps112/asg4/test5
+ sh mk.test
rm: cannot remove ‘hello’: No such file or directory
